<?xml version="1.0" encoding="UTF-8"?>
<testng-results skipped="0" failed="0" total="4" passed="4">
  <reporter-output>
  </reporter-output>
  <suite name="Default suite" duration-ms="83263" started-at="2020-08-09T09:43:37Z" finished-at="2020-08-09T09:45:00Z">
    <groups>
    </groups>
    <test name="Default test" duration-ms="83263" started-at="2020-08-09T09:43:37Z" finished-at="2020-08-09T09:45:00Z">
      <class name="WebAutomation.Goibibo.PaymentDetailsPageTest">
        <test-method status="PASS" signature="launchBrowser()[pri:0, instance:WebAutomation.Goibibo.PaymentDetailsPageTest@6ee12bac]" name="launchBrowser" duration-ms="30769" started-at="2020-08-09T15:13:37Z" finished-at="2020-08-09T15:14:08Z">
          <reporter-output>
          </reporter-output>
        </test-method> <!-- launchBrowser -->
        <test-method status="PASS" signature="searchResults()[pri:0, instance:WebAutomation.Goibibo.PaymentDetailsPageTest@6ee12bac]" name="searchResults" duration-ms="38131" started-at="2020-08-09T15:14:08Z" finished-at="2020-08-09T15:14:46Z">
          <reporter-output>
          </reporter-output>
        </test-method> <!-- searchResults -->
        <test-method status="PASS" signature="ticketDetails()[pri:0, instance:WebAutomation.Goibibo.PaymentDetailsPageTest@6ee12bac]" name="ticketDetails" duration-ms="6636" started-at="2020-08-09T15:14:46Z" finished-at="2020-08-09T15:14:52Z">
          <reporter-output>
          </reporter-output>
        </test-method> <!-- ticketDetails -->
        <test-method status="PASS" signature="paymentDetails()[pri:0, instance:WebAutomation.Goibibo.PaymentDetailsPageTest@6ee12bac]" name="paymentDetails" duration-ms="7674" started-at="2020-08-09T15:14:52Z" finished-at="2020-08-09T15:15:00Z">
          <reporter-output>
          </reporter-output>
        </test-method> <!-- paymentDetails -->
      </class> <!-- WebAutomation.Goibibo.PaymentDetailsPageTest -->
    </test> <!-- Default test -->
  </suite> <!-- Default suite -->
</testng-results>
