<?xml version="1.0" encoding="UTF-8"?>
<!-- Generated by org.testng.reporters.JUnitXMLReporter -->
<testsuite hostname="DESKTOP-P3Q9HCG" name="Default test" tests="4" failures="0" timestamp="9 Aug 2020 09:45:00 GMT" time="83.263" errors="0">
  <testcase name="launchBrowser" time="30.769" classname="WebAutomation.Goibibo.PaymentDetailsPageTest"/>
  <testcase name="searchResults" time="38.131" classname="WebAutomation.Goibibo.PaymentDetailsPageTest"/>
  <testcase name="ticketDetails" time="6.636" classname="WebAutomation.Goibibo.PaymentDetailsPageTest"/>
  <testcase name="paymentDetails" time="7.674" classname="WebAutomation.Goibibo.PaymentDetailsPageTest"/>
</testsuite> <!-- Default test -->
